2017-09-13 08:21:29.342+0000 WARN [o.n.i.p.PageCache] The dbms.memory.pagecache.size setting has not been configured. It is recommended that this setting is always explicitly configured, to ensure the system has a balanced configuration. Until then, a computed heuristic value of 3319977984 bytes will be used instead. 
2017-09-13 08:21:29.432+0000 INFO [o.n.k.i.f.CommunityEditionModule] No locking implementation specified, defaulting to 'community'
2017-09-13 08:21:29.461+0000 INFO [o.n.k.AvailabilityGuard] Requirement makes database unavailable: Database available
2017-09-13 08:21:29.469+0000 INFO [o.n.k.i.DiagnosticsManager] --- INITIALIZED diagnostics START ---
2017-09-13 08:21:29.469+0000 INFO [o.n.k.i.DiagnosticsManager] Neo4j Kernel properties:
2017-09-13 08:21:29.469+0000 INFO [o.n.k.i.DiagnosticsManager] dbms.connector.http.enabled=true
2017-09-13 08:21:29.469+0000 INFO [o.n.k.i.DiagnosticsManager] dbms.security.auth_enabled=true
2017-09-13 08:21:29.469+0000 INFO [o.n.k.i.DiagnosticsManager] dbms.connector.bolt.type=BOLT
2017-09-13 08:21:29.469+0000 INFO [o.n.k.i.DiagnosticsManager] unsupported.dbms.directories.neo4j_home=C:\Users\Jonas Witzgall\eclipse-workspace\GreekGods\databases\Tutorial
2017-09-13 08:21:29.469+0000 INFO [o.n.k.i.DiagnosticsManager] dbms.directories.import=import
2017-09-13 08:21:29.469+0000 INFO [o.n.k.i.DiagnosticsManager] dbms.connector.https.enabled=true
2017-09-13 08:21:29.469+0000 INFO [o.n.k.i.DiagnosticsManager] dbms.connector.http.type=HTTP
2017-09-13 08:21:29.469+0000 INFO [o.n.k.i.DiagnosticsManager] unsupported.dbms.directories.database=C:\Users\Jonas Witzgall\eclipse-workspace\GreekGods\databases\Tutorial
2017-09-13 08:21:29.469+0000 INFO [o.n.k.i.DiagnosticsManager] dbms.logs.http.enabled=false
2017-09-13 08:21:29.469+0000 INFO [o.n.k.i.DiagnosticsManager] dbms.connector.https.type=HTTP
2017-09-13 08:21:29.469+0000 INFO [o.n.k.i.DiagnosticsManager] unsupported.dbms.edition=community
2017-09-13 08:21:29.469+0000 INFO [o.n.k.i.DiagnosticsManager] dbms.connector.bolt.enabled=true
2017-09-13 08:21:29.470+0000 INFO [o.n.k.i.DiagnosticsManager] Diagnostics providers:
2017-09-13 08:21:29.470+0000 INFO [o.n.k.i.DiagnosticsManager] org.neo4j.kernel.configuration.Config
2017-09-13 08:21:29.470+0000 INFO [o.n.k.i.DiagnosticsManager] org.neo4j.kernel.info.DiagnosticsManager
2017-09-13 08:21:29.470+0000 INFO [o.n.k.i.DiagnosticsManager] SYSTEM_MEMORY
2017-09-13 08:21:29.470+0000 INFO [o.n.k.i.DiagnosticsManager] JAVA_MEMORY
2017-09-13 08:21:29.470+0000 INFO [o.n.k.i.DiagnosticsManager] OPERATING_SYSTEM
2017-09-13 08:21:29.470+0000 INFO [o.n.k.i.DiagnosticsManager] JAVA_VIRTUAL_MACHINE
2017-09-13 08:21:29.470+0000 INFO [o.n.k.i.DiagnosticsManager] CLASSPATH
2017-09-13 08:21:29.470+0000 INFO [o.n.k.i.DiagnosticsManager] LIBRARY_PATH
2017-09-13 08:21:29.470+0000 INFO [o.n.k.i.DiagnosticsManager] SYSTEM_PROPERTIES
2017-09-13 08:21:29.470+0000 INFO [o.n.k.i.DiagnosticsManager] NETWORK
2017-09-13 08:21:29.470+0000 INFO [o.n.k.i.DiagnosticsManager] System memory information:
2017-09-13 08:21:29.470+0000 INFO [o.n.k.i.DiagnosticsManager] Total Physical memory: 7,95 GB
2017-09-13 08:21:29.470+0000 INFO [o.n.k.i.DiagnosticsManager] Free Physical memory: 3,13 GB
2017-09-13 08:21:29.470+0000 INFO [o.n.k.i.DiagnosticsManager] Committed virtual memory: 784,38 MB
2017-09-13 08:21:29.470+0000 INFO [o.n.k.i.DiagnosticsManager] Total swap space: 9,20 GB
2017-09-13 08:21:29.470+0000 INFO [o.n.k.i.DiagnosticsManager] Free swap space: 2,96 GB
2017-09-13 08:21:29.470+0000 INFO [o.n.k.i.DiagnosticsManager] JVM memory information:
2017-09-13 08:21:29.470+0000 INFO [o.n.k.i.DiagnosticsManager] Free  memory: 270,01 MB
2017-09-13 08:21:29.470+0000 INFO [o.n.k.i.DiagnosticsManager] Total memory: 357,00 MB
2017-09-13 08:21:29.471+0000 INFO [o.n.k.i.DiagnosticsManager] Max   memory: 1,77 GB
2017-09-13 08:21:29.471+0000 INFO [o.n.k.i.DiagnosticsManager] Garbage Collector: PS Scavenge: [PS Eden Space, PS Survivor Space]
2017-09-13 08:21:29.471+0000 INFO [o.n.k.i.DiagnosticsManager] Garbage Collector: PS MarkSweep: [PS Eden Space, PS Survivor Space, PS Old Gen]
2017-09-13 08:21:29.471+0000 INFO [o.n.k.i.DiagnosticsManager] Memory Pool: Code Cache (Non-heap memory): committed=28,81 MB, used=28,54 MB, max=240,00 MB, threshold=0,00 B
2017-09-13 08:21:29.471+0000 INFO [o.n.k.i.DiagnosticsManager] Memory Pool: Metaspace (Non-heap memory): committed=77,66 MB, used=75,57 MB, max=-1,00 B, threshold=0,00 B
2017-09-13 08:21:29.471+0000 INFO [o.n.k.i.DiagnosticsManager] Memory Pool: Compressed Class Space (Non-heap memory): committed=12,16 MB, used=11,74 MB, max=1,00 GB, threshold=0,00 B
2017-09-13 08:21:29.471+0000 INFO [o.n.k.i.DiagnosticsManager] Memory Pool: PS Eden Space (Heap memory): committed=213,00 MB, used=29,28 MB, max=643,00 MB, threshold=?
2017-09-13 08:21:29.472+0000 INFO [o.n.k.i.DiagnosticsManager] Memory Pool: PS Survivor Space (Heap memory): committed=15,00 MB, used=7,22 MB, max=15,00 MB, threshold=?
2017-09-13 08:21:29.472+0000 INFO [o.n.k.i.DiagnosticsManager] Memory Pool: PS Old Gen (Heap memory): committed=129,00 MB, used=50,49 MB, max=1,33 GB, threshold=0,00 B
2017-09-13 08:21:29.472+0000 INFO [o.n.k.i.DiagnosticsManager] Operating system information:
2017-09-13 08:21:29.472+0000 INFO [o.n.k.i.DiagnosticsManager] Operating System: Windows 10; version: 10.0; arch: amd64; cpus: 4
2017-09-13 08:21:29.473+0000 INFO [o.n.k.i.DiagnosticsManager] Process id: 5996@HP_buschmais
2017-09-13 08:21:29.473+0000 INFO [o.n.k.i.DiagnosticsManager] Byte order: LITTLE_ENDIAN
2017-09-13 08:21:29.473+0000 INFO [o.n.k.i.DiagnosticsManager] Local timezone: Europe/Berlin
2017-09-13 08:21:29.473+0000 INFO [o.n.k.i.DiagnosticsManager] JVM information:
2017-09-13 08:21:29.473+0000 INFO [o.n.k.i.DiagnosticsManager] VM Name: Java HotSpot(TM) 64-Bit Server VM
2017-09-13 08:21:29.473+0000 INFO [o.n.k.i.DiagnosticsManager] VM Vendor: Oracle Corporation
2017-09-13 08:21:29.473+0000 INFO [o.n.k.i.DiagnosticsManager] VM Version: 25.144-b01
2017-09-13 08:21:29.473+0000 INFO [o.n.k.i.DiagnosticsManager] JIT compiler: HotSpot 64-Bit Tiered Compilers
2017-09-13 08:21:29.473+0000 INFO [o.n.k.i.DiagnosticsManager] VM Arguments: [-Dexe4j.semaphoreName=Local\c:_program_files_neo4j_ce_3.2.3_bin_neo4j-ce.exe, -Dexe4j.isInstall4j=true, -Dexe4j.moduleName=C:\Program Files\Neo4j CE 3.2.3\bin\neo4j-ce.exe, -Dexe4j.tempDir=, -Dexe4j.unextractedPosition=0, -Djava.library.path=C:\ProgramData\Oracle\Java\javapath;C:\Program Files\ImageMagick-6.9.2-Q16;C:\WINDOWS\system32;C:\WINDOWS;C:\WINDOWS\System32\Wbem;C:\WINDOWS\System32\WindowsPowerShell\v1.0\;C:\Program Files (x86)\ATI Technologies\ATI.ACE\Core-Static;C:\Program Files\Java\jdk1.8.0_101\bin;C:\Program Files\TortoiseSVN\bin;C:\Program Files (x86)\AMD\ATI.ACE\Core-Static;C:\develop\tools\nodejs\;C:\Program Files\WIDCOMM\Bluetooth Software\;C:\Program Files\WIDCOMM\Bluetooth Software\syswow64;C:\Program Files\nodejs\;C:\Program Files (x86)\Subversion\bin;C:\Program Files\Git\cmd;C:\Users\Jonas Witzgall\AppData\Local\Microsoft\WindowsApps;;c:\program files\java\jre1.8.0_144\bin, -Dexe4j.consoleCodepage=cp0, -Dinstall4j.launcherId=24, -Dinstall4j.swt=false]
2017-09-13 08:21:29.473+0000 INFO [o.n.k.i.DiagnosticsManager] Java classpath:
2017-09-13 08:21:29.476+0000 INFO [o.n.k.i.DiagnosticsManager]  [bootstrap] C:\Program Files\Java\jre1.8.0_144\lib\resources.jar
2017-09-13 08:21:29.476+0000 INFO [o.n.k.i.DiagnosticsManager]  [bootstrap] C:\Program Files\Java\jre1.8.0_144\lib\charsets.jar
2017-09-13 08:21:29.476+0000 INFO [o.n.k.i.DiagnosticsManager]  [classpath] C:\Program Files\Neo4j CE 3.2.3\.install4j\i4jruntime.jar
2017-09-13 08:21:29.476+0000 INFO [o.n.k.i.DiagnosticsManager]  [loader.0] file:/C:/Program%20Files/Neo4j%20CE%203.2.3/.install4j/i4jruntime.jar
2017-09-13 08:21:29.476+0000 INFO [o.n.k.i.DiagnosticsManager]  [loader.1] file:/C:/Program%20Files/Java/jre1.8.0_144/lib/ext/sunjce_provider.jar
2017-09-13 08:21:29.476+0000 INFO [o.n.k.i.DiagnosticsManager]  [loader.1] file:/C:/Program%20Files/Java/jre1.8.0_144/lib/ext/sunec.jar
2017-09-13 08:21:29.476+0000 INFO [o.n.k.i.DiagnosticsManager]  [loader.1] file:/C:/Program%20Files/Java/jre1.8.0_144/lib/ext/sunmscapi.jar
2017-09-13 08:21:29.476+0000 INFO [o.n.k.i.DiagnosticsManager]  [loader.0] file:/C:/Program%20Files/Neo4j%20CE%203.2.3/bin/neo4j-desktop-3.2.3.jar
2017-09-13 08:21:29.476+0000 INFO [o.n.k.i.DiagnosticsManager]  [loader.1] file:/C:/Program%20Files/Java/jre1.8.0_144/lib/ext/nashorn.jar
2017-09-13 08:21:29.476+0000 INFO [o.n.k.i.DiagnosticsManager]  [bootstrap] C:\Program Files\Java\jre1.8.0_144\lib\jfr.jar
2017-09-13 08:21:29.476+0000 INFO [o.n.k.i.DiagnosticsManager]  [classpath] C:\Program Files\Neo4j CE 3.2.3\bin\neo4j-desktop-3.2.3.jar
2017-09-13 08:21:29.476+0000 INFO [o.n.k.i.DiagnosticsManager]  [loader.1] file:/C:/Program%20Files/Java/jre1.8.0_144/lib/ext/sunpkcs11.jar
2017-09-13 08:21:29.476+0000 INFO [o.n.k.i.DiagnosticsManager]  [bootstrap] C:\Program Files\Java\jre1.8.0_144\classes
2017-09-13 08:21:29.476+0000 INFO [o.n.k.i.DiagnosticsManager]  [loader.1] file:/C:/Program%20Files/Java/jre1.8.0_144/lib/ext/jaccess.jar
2017-09-13 08:21:29.476+0000 INFO [o.n.k.i.DiagnosticsManager]  [loader.1] file:/C:/Program%20Files/Java/jre1.8.0_144/lib/ext/dnsns.jar
2017-09-13 08:21:29.476+0000 INFO [o.n.k.i.DiagnosticsManager]  [loader.1] file:/C:/Program%20Files/Java/jre1.8.0_144/lib/ext/jfxrt.jar
2017-09-13 08:21:29.476+0000 INFO [o.n.k.i.DiagnosticsManager]  [loader.1] file:/C:/Program%20Files/Java/jre1.8.0_144/lib/ext/zipfs.jar
2017-09-13 08:21:29.476+0000 INFO [o.n.k.i.DiagnosticsManager]  [loader.1] file:/C:/Program%20Files/Java/jre1.8.0_144/lib/ext/access-bridge-64.jar
2017-09-13 08:21:29.476+0000 INFO [o.n.k.i.DiagnosticsManager]  [loader.1] file:/C:/Program%20Files/Java/jre1.8.0_144/lib/ext/localedata.jar
2017-09-13 08:21:29.476+0000 INFO [o.n.k.i.DiagnosticsManager]  [bootstrap] C:\Program Files\Java\jre1.8.0_144\lib\rt.jar
2017-09-13 08:21:29.476+0000 INFO [o.n.k.i.DiagnosticsManager]  [bootstrap] C:\Program Files\Java\jre1.8.0_144\lib\sunrsasign.jar
2017-09-13 08:21:29.476+0000 INFO [o.n.k.i.DiagnosticsManager]  [bootstrap] C:\Program Files\Java\jre1.8.0_144\lib\jsse.jar
2017-09-13 08:21:29.476+0000 INFO [o.n.k.i.DiagnosticsManager]  [loader.1] file:/C:/Program%20Files/Java/jre1.8.0_144/lib/ext/cldrdata.jar
2017-09-13 08:21:29.476+0000 INFO [o.n.k.i.DiagnosticsManager]  [bootstrap] C:\Program Files\Java\jre1.8.0_144\lib\jce.jar
2017-09-13 08:21:29.476+0000 INFO [o.n.k.i.DiagnosticsManager] Library path:
2017-09-13 08:21:29.477+0000 INFO [o.n.k.i.DiagnosticsManager] C:\ProgramData\Oracle\Java\javapath
2017-09-13 08:21:29.477+0000 INFO [o.n.k.i.DiagnosticsManager] C:\Program Files\ImageMagick-6.9.2-Q16
2017-09-13 08:21:29.477+0000 INFO [o.n.k.i.DiagnosticsManager] C:\Windows\System32
2017-09-13 08:21:29.477+0000 INFO [o.n.k.i.DiagnosticsManager] C:\Windows
2017-09-13 08:21:29.478+0000 INFO [o.n.k.i.DiagnosticsManager] C:\Windows\System32\wbem
2017-09-13 08:21:29.478+0000 INFO [o.n.k.i.DiagnosticsManager] C:\Windows\System32\WindowsPowerShell\v1.0
2017-09-13 08:21:29.478+0000 INFO [o.n.k.i.DiagnosticsManager] C:\Program Files (x86)\ATI Technologies\ATI.ACE\Core-Static
2017-09-13 08:21:29.478+0000 INFO [o.n.k.i.DiagnosticsManager] C:\Program Files\Java\jdk1.8.0_101\bin
2017-09-13 08:21:29.479+0000 INFO [o.n.k.i.DiagnosticsManager] C:\Program Files\TortoiseSVN\bin
2017-09-13 08:21:29.479+0000 INFO [o.n.k.i.DiagnosticsManager] C:\Program Files (x86)\AMD\ATI.ACE\Core-Static
2017-09-13 08:21:29.479+0000 INFO [o.n.k.i.DiagnosticsManager] C:\develop\tools\nodejs
2017-09-13 08:21:29.479+0000 INFO [o.n.k.i.DiagnosticsManager] C:\Program Files\WIDCOMM\Bluetooth Software
2017-09-13 08:21:29.479+0000 INFO [o.n.k.i.DiagnosticsManager] C:\Program Files\WIDCOMM\Bluetooth Software\syswow64
2017-09-13 08:21:29.479+0000 INFO [o.n.k.i.DiagnosticsManager] C:\Program Files\nodejs
2017-09-13 08:21:29.480+0000 INFO [o.n.k.i.DiagnosticsManager] C:\Program Files (x86)\Subversion\bin
2017-09-13 08:21:29.480+0000 INFO [o.n.k.i.DiagnosticsManager] C:\Program Files\Git\cmd
2017-09-13 08:21:29.480+0000 INFO [o.n.k.i.DiagnosticsManager] C:\Users\Jonas Witzgall\AppData\Local\Microsoft\WindowsApps
2017-09-13 08:21:29.480+0000 INFO [o.n.k.i.DiagnosticsManager] C:\Program Files\Neo4j CE 3.2.3\bin
2017-09-13 08:21:29.481+0000 INFO [o.n.k.i.DiagnosticsManager] C:\Program Files\Java\jre1.8.0_144\bin
2017-09-13 08:21:29.481+0000 INFO [o.n.k.i.DiagnosticsManager] System.properties:
2017-09-13 08:21:29.481+0000 INFO [o.n.k.i.DiagnosticsManager] exe4j.moduleName = C:\Program Files\Neo4j CE 3.2.3\bin\neo4j-ce.exe
2017-09-13 08:21:29.481+0000 INFO [o.n.k.i.DiagnosticsManager] exe4j.semaphoreName = Local\c:_program_files_neo4j_ce_3.2.3_bin_neo4j-ce.exe
2017-09-13 08:21:29.481+0000 INFO [o.n.k.i.DiagnosticsManager] sun.boot.library.path = c:\program files\java\jre1.8.0_144\bin
2017-09-13 08:21:29.481+0000 INFO [o.n.k.i.DiagnosticsManager] exe4j.consoleCodepage = cp0
2017-09-13 08:21:29.481+0000 INFO [o.n.k.i.DiagnosticsManager] path.separator = ;
2017-09-13 08:21:29.481+0000 INFO [o.n.k.i.DiagnosticsManager] file.encoding.pkg = sun.io
2017-09-13 08:21:29.481+0000 INFO [o.n.k.i.DiagnosticsManager] user.country = DE
2017-09-13 08:21:29.481+0000 INFO [o.n.k.i.DiagnosticsManager] user.script = 
2017-09-13 08:21:29.481+0000 INFO [o.n.k.i.DiagnosticsManager] sun.os.patch.level = 
2017-09-13 08:21:29.481+0000 INFO [o.n.k.i.DiagnosticsManager] install4j.exeDir = C:\Program Files\Neo4j CE 3.2.3\bin\
2017-09-13 08:21:29.481+0000 INFO [o.n.k.i.DiagnosticsManager] user.dir = C:\Program Files\Neo4j CE 3.2.3\bin
2017-09-13 08:21:29.481+0000 INFO [o.n.k.i.DiagnosticsManager] user.variant = 
2017-09-13 08:21:29.481+0000 INFO [o.n.k.i.DiagnosticsManager] exe4j.tempDir = 
2017-09-13 08:21:29.481+0000 INFO [o.n.k.i.DiagnosticsManager] sun.jnu.encoding = Cp1252
2017-09-13 08:21:29.481+0000 INFO [o.n.k.i.DiagnosticsManager] sun.nio.ch.bugLevel = 
2017-09-13 08:21:29.481+0000 INFO [o.n.k.i.DiagnosticsManager] unsupported.dbms.udc.source = desktop
2017-09-13 08:21:29.481+0000 INFO [o.n.k.i.DiagnosticsManager] sun.awt.enableExtraMouseButtons = true
2017-09-13 08:21:29.481+0000 INFO [o.n.k.i.DiagnosticsManager] install4j.launcherId = 24
2017-09-13 08:21:29.481+0000 INFO [o.n.k.i.DiagnosticsManager] sun.management.compiler = HotSpot 64-Bit Tiered Compilers
2017-09-13 08:21:29.481+0000 INFO [o.n.k.i.DiagnosticsManager] exe4j.isInstall4j = true
2017-09-13 08:21:29.481+0000 INFO [o.n.k.i.DiagnosticsManager] install4j.swt = false
2017-09-13 08:21:29.481+0000 INFO [o.n.k.i.DiagnosticsManager] user.home = C:\Users\Jonas Witzgall
2017-09-13 08:21:29.481+0000 INFO [o.n.k.i.DiagnosticsManager] user.timezone = Europe/Berlin
2017-09-13 08:21:29.481+0000 INFO [o.n.k.i.DiagnosticsManager] file.encoding = Cp1252
2017-09-13 08:21:29.481+0000 INFO [o.n.k.i.DiagnosticsManager] user.name = Jonas Witzgall
2017-09-13 08:21:29.481+0000 INFO [o.n.k.i.DiagnosticsManager] sun.java.command = C:\Program Files\Neo4j CE 3.2.3\bin\neo4j-ce.exe
2017-09-13 08:21:29.481+0000 INFO [o.n.k.i.DiagnosticsManager] sun.arch.data.model = 64
2017-09-13 08:21:29.481+0000 INFO [o.n.k.i.DiagnosticsManager] exe4j.launchName = C:\Program Files\Neo4j CE 3.2.3\bin\neo4j-ce.exe
2017-09-13 08:21:29.481+0000 INFO [o.n.k.i.DiagnosticsManager] user.language = de
2017-09-13 08:21:29.481+0000 INFO [o.n.k.i.DiagnosticsManager] awt.toolkit = sun.awt.windows.WToolkit
2017-09-13 08:21:29.481+0000 INFO [o.n.k.i.DiagnosticsManager] exe4j.unextractedPosition = 0
2017-09-13 08:21:29.481+0000 INFO [o.n.k.i.DiagnosticsManager] install4j.appDir = C:\Program Files\Neo4j CE 3.2.3\
2017-09-13 08:21:29.481+0000 INFO [o.n.k.i.DiagnosticsManager] file.separator = \
2017-09-13 08:21:29.481+0000 INFO [o.n.k.i.DiagnosticsManager] sun.io.unicode.encoding = UnicodeLittle
2017-09-13 08:21:29.481+0000 INFO [o.n.k.i.DiagnosticsManager] sun.cpu.endian = little
2017-09-13 08:21:29.481+0000 INFO [o.n.k.i.DiagnosticsManager] sun.desktop = windows
2017-09-13 08:21:29.481+0000 INFO [o.n.k.i.DiagnosticsManager] sun.cpu.isalist = amd64
2017-09-13 08:21:29.481+0000 INFO [o.n.k.i.DiagnosticsManager] Network information:
2017-09-13 08:21:29.518+0000 INFO [o.n.k.i.DiagnosticsManager] Interface Software Loopback Interface 1:
2017-09-13 08:21:29.518+0000 INFO [o.n.k.i.DiagnosticsManager]     address: 127.0.0.1
2017-09-13 08:21:29.518+0000 INFO [o.n.k.i.DiagnosticsManager]     address: 0:0:0:0:0:0:0:1
2017-09-13 08:21:29.518+0000 INFO [o.n.k.i.DiagnosticsManager] Interface Sophos SSL VPN Adapter:
2017-09-13 08:21:29.518+0000 INFO [o.n.k.i.DiagnosticsManager]     address: fe80:0:0:0:4469:c5f0:948c:2cc3%eth0
2017-09-13 08:21:29.518+0000 INFO [o.n.k.i.DiagnosticsManager] Interface Microsoft Kernel Debug Network Adapter:
2017-09-13 08:21:29.518+0000 INFO [o.n.k.i.DiagnosticsManager] Interface Intel(R) 82579LM Gigabit Network Connection:
2017-09-13 08:21:29.518+0000 INFO [o.n.k.i.DiagnosticsManager]     address: fe80:0:0:0:eca2:38c4:868:a3e%eth2
2017-09-13 08:21:29.518+0000 INFO [o.n.k.i.DiagnosticsManager] Interface Microsoft Wi-Fi Direct Virtual Adapter #2:
2017-09-13 08:21:29.518+0000 INFO [o.n.k.i.DiagnosticsManager] Interface VirtualBox Host-Only Ethernet Adapter #2:
2017-09-13 08:21:29.518+0000 INFO [o.n.k.i.DiagnosticsManager] Interface Intel(R) Centrino(R) Advanced-N 6205:
2017-09-13 08:21:29.518+0000 INFO [o.n.k.i.DiagnosticsManager]     address: 192.168.2.64
2017-09-13 08:21:29.518+0000 INFO [o.n.k.i.DiagnosticsManager]     address: fe80:0:0:0:61e2:6393:3164:2873%wlan1
2017-09-13 08:21:29.518+0000 INFO [o.n.k.i.DiagnosticsManager] Interface Microsoft Teredo Tunneling Adapter:
2017-09-13 08:21:29.518+0000 INFO [o.n.k.i.DiagnosticsManager]     address: fe80:0:0:0:0:100:7f:fffe%net0
2017-09-13 08:21:29.518+0000 INFO [o.n.k.i.DiagnosticsManager] Interface Microsoft Wi-Fi Direct Virtual Adapter:
2017-09-13 08:21:29.518+0000 INFO [o.n.k.i.DiagnosticsManager]     address: fe80:0:0:0:d4a5:5:b738:824c%wlan2
2017-09-13 08:21:29.518+0000 INFO [o.n.k.i.DiagnosticsManager] Interface VirtualBox Host-Only Ethernet Adapter:
2017-09-13 08:21:29.518+0000 INFO [o.n.k.i.DiagnosticsManager] Interface Sophos SSL VPN Adapter-WFP Native MAC Layer LightWeight Filter-0000:
2017-09-13 08:21:29.518+0000 INFO [o.n.k.i.DiagnosticsManager] Interface Sophos SSL VPN Adapter-VirtualBox NDIS Light-Weight Filter-0000:
2017-09-13 08:21:29.518+0000 INFO [o.n.k.i.DiagnosticsManager] Interface Sophos SSL VPN Adapter-QoS Packet Scheduler-0000:
2017-09-13 08:21:29.518+0000 INFO [o.n.k.i.DiagnosticsManager] Interface Sophos SSL VPN Adapter-WFP 802.3 MAC Layer LightWeight Filter-0000:
2017-09-13 08:21:29.518+0000 INFO [o.n.k.i.DiagnosticsManager] Interface Intel(R) 82579LM Gigabit Network Connection-WFP Native MAC Layer LightWeight Filter-0000:
2017-09-13 08:21:29.518+0000 INFO [o.n.k.i.DiagnosticsManager] Interface Intel(R) 82579LM Gigabit Network Connection-VirtualBox NDIS Light-Weight Filter-0000:
2017-09-13 08:21:29.518+0000 INFO [o.n.k.i.DiagnosticsManager] Interface Intel(R) 82579LM Gigabit Network Connection-QoS Packet Scheduler-0000:
2017-09-13 08:21:29.518+0000 INFO [o.n.k.i.DiagnosticsManager] Interface Intel(R) 82579LM Gigabit Network Connection-WFP 802.3 MAC Layer LightWeight Filter-0000:
2017-09-13 08:21:29.518+0000 INFO [o.n.k.i.DiagnosticsManager] Interface Intel(R) Centrino(R) Advanced-N 6205-WFP Native MAC Layer LightWeight Filter-0000:
2017-09-13 08:21:29.518+0000 INFO [o.n.k.i.DiagnosticsManager] Interface Intel(R) Centrino(R) Advanced-N 6205-Virtual WiFi Filter Driver-0000:
2017-09-13 08:21:29.518+0000 INFO [o.n.k.i.DiagnosticsManager] Interface Intel(R) Centrino(R) Advanced-N 6205-Native WiFi Filter Driver-0000:
2017-09-13 08:21:29.518+0000 INFO [o.n.k.i.DiagnosticsManager] Interface Intel(R) Centrino(R) Advanced-N 6205-VirtualBox NDIS Light-Weight Filter-0000:
2017-09-13 08:21:29.518+0000 INFO [o.n.k.i.DiagnosticsManager] Interface Intel(R) Centrino(R) Advanced-N 6205-QoS Packet Scheduler-0000:
2017-09-13 08:21:29.518+0000 INFO [o.n.k.i.DiagnosticsManager] Interface Intel(R) Centrino(R) Advanced-N 6205-WFP 802.3 MAC Layer LightWeight Filter-0000:
2017-09-13 08:21:29.518+0000 INFO [o.n.k.i.DiagnosticsManager] Interface Microsoft Wi-Fi Direct Virtual Adapter-WFP Native MAC Layer LightWeight Filter-0000:
2017-09-13 08:21:29.518+0000 INFO [o.n.k.i.DiagnosticsManager] Interface Microsoft Wi-Fi Direct Virtual Adapter-Native WiFi Filter Driver-0000:
2017-09-13 08:21:29.518+0000 INFO [o.n.k.i.DiagnosticsManager] Interface Microsoft Wi-Fi Direct Virtual Adapter-QoS Packet Scheduler-0000:
2017-09-13 08:21:29.518+0000 INFO [o.n.k.i.DiagnosticsManager] Interface Microsoft Wi-Fi Direct Virtual Adapter-WFP 802.3 MAC Layer LightWeight Filter-0000:
2017-09-13 08:21:29.518+0000 INFO [o.n.k.i.DiagnosticsManager] --- INITIALIZED diagnostics END ---
2017-09-13 08:21:32.552+0000 INFO [o.n.b.v.r.WorkerFactory] Bolt Server extension loaded.
2017-09-13 08:21:32.558+0000 INFO [o.n.b.v.r.WorkerFactory] Bolt enabled on 127.0.0.1:7687.
2017-09-13 08:21:32.573+0000 INFO [o.n.k.i.s.f.RecordFormatSelector] Selected format 'RecordFormat:StandardV3_2[v0.A.8]' for the new store
2017-09-13 08:21:32.872+0000 INFO [o.n.k.i.a.i.IndexingService] IndexingService.init: indexes not specifically mentioned above are null
2017-09-13 08:21:32.877+0000 INFO [o.n.k.i.i.l.NativeLabelScanStore] No scan store found, this might just be first use. Preparing to rebuild.
2017-09-13 08:21:32.894+0000 INFO [o.n.k.NeoStoreDataSource] Opened logical log [C:\Users\Jonas Witzgall\eclipse-workspace\GreekGods\databases\Tutorial\neostore.transaction.db.0] version=0, lastTxId=1 (clean)
2017-09-13 08:21:32.900+0000 INFO [o.n.k.NeoStoreDataSource] No commits found after last check point (which is at <no log position given>)
2017-09-13 08:21:32.906+0000 WARN [o.n.k.i.s.MetaDataStore] Missing counts store, rebuilding it.
2017-09-13 08:21:33.003+0000 WARN [o.n.k.i.s.MetaDataStore] Counts store rebuild completed.
2017-09-13 08:21:33.019+0000 INFO [o.n.k.i.a.i.IndexingService] IndexingService.start: indexes not specifically mentioned above are null
2017-09-13 08:21:33.027+0000 INFO [o.n.k.i.i.l.NativeLabelScanStore] Rebuilding scan store, this may take a while
2017-09-13 08:21:33.048+0000 INFO [o.n.k.i.i.l.NativeLabelScanStore] Scan store rebuilt (roughly 0 nodes)
2017-09-13 08:21:33.056+0000 INFO [o.n.k.i.DatabaseHealth] Database health set to OK
2017-09-13 08:21:33.092+0000 INFO [o.n.k.AvailabilityGuard] Fulfilling of requirement makes database available: Database available
2017-09-13 08:21:33.100+0000 INFO [o.n.k.i.f.GraphDatabaseFacadeFactory] Database is now ready
2017-09-13 08:21:33.110+0000 INFO [o.n.k.i.DiagnosticsManager] --- STARTED diagnostics for KernelDiagnostics:Versions START ---
2017-09-13 08:21:33.118+0000 INFO [o.n.k.i.DiagnosticsManager] Graph Database: community single StoreId{creationTime=1505290892848, randomId=-6100881396911680984, storeVersion=15813456178476550, upgradeTime=1505290892848, upgradeId=1}
2017-09-13 08:21:33.126+0000 INFO [o.n.k.i.DiagnosticsManager] Kernel version: 3.2.3
2017-09-13 08:21:33.135+0000 INFO [o.n.k.i.DiagnosticsManager] --- STARTED diagnostics for KernelDiagnostics:Versions END ---
2017-09-13 08:21:33.143+0000 INFO [o.n.k.i.DiagnosticsManager] --- STARTED diagnostics for NEO_STORE_VERSIONS START ---
2017-09-13 08:21:33.151+0000 INFO [o.n.k.i.DiagnosticsManager] Store versions:
2017-09-13 08:21:33.160+0000 INFO [o.n.k.i.DiagnosticsManager] Store versions:
2017-09-13 08:21:33.170+0000 INFO [o.n.k.i.DiagnosticsManager]   ArrayPropertyStore v0.A.8
2017-09-13 08:21:33.178+0000 INFO [o.n.k.i.DiagnosticsManager]   NodeStore v0.A.8
2017-09-13 08:21:33.186+0000 INFO [o.n.k.i.DiagnosticsManager]   StringPropertyStore v0.A.8
2017-09-13 08:21:33.194+0000 INFO [o.n.k.i.DiagnosticsManager]   PropertyIndexStore v0.A.8
2017-09-13 08:21:33.202+0000 INFO [o.n.k.i.DiagnosticsManager]   StringPropertyStore v0.A.8
2017-09-13 08:21:33.210+0000 INFO [o.n.k.i.DiagnosticsManager]   ArrayPropertyStore v0.A.8
2017-09-13 08:21:33.218+0000 INFO [o.n.k.i.DiagnosticsManager]   PropertyStore v0.A.8
2017-09-13 08:21:33.226+0000 INFO [o.n.k.i.DiagnosticsManager]   RelationshipStore v0.A.8
2017-09-13 08:21:33.234+0000 INFO [o.n.k.i.DiagnosticsManager]   StringPropertyStore v0.A.8
2017-09-13 08:21:33.242+0000 INFO [o.n.k.i.DiagnosticsManager]   RelationshipTypeStore v0.A.8
2017-09-13 08:21:33.250+0000 INFO [o.n.k.i.DiagnosticsManager]   StringPropertyStore v0.A.8
2017-09-13 08:21:33.258+0000 INFO [o.n.k.i.DiagnosticsManager]   LabelTokenStore v0.A.8
2017-09-13 08:21:33.266+0000 INFO [o.n.k.i.DiagnosticsManager]   SchemaStore v0.A.8
2017-09-13 08:21:33.275+0000 INFO [o.n.k.i.DiagnosticsManager]   RelationshipGroupStore v0.A.8
2017-09-13 08:21:33.283+0000 INFO [o.n.k.i.DiagnosticsManager]   NeoStore v0.A.8
2017-09-13 08:21:33.291+0000 INFO [o.n.k.i.DiagnosticsManager] --- STARTED diagnostics for NEO_STORE_VERSIONS END ---
2017-09-13 08:21:33.299+0000 INFO [o.n.k.i.DiagnosticsManager] --- STARTED diagnostics for NEO_STORE_ID_USAGE START ---
2017-09-13 08:21:33.307+0000 INFO [o.n.k.i.DiagnosticsManager] Id usage:
2017-09-13 08:21:33.315+0000 INFO [o.n.k.i.DiagnosticsManager] Id usage:
2017-09-13 08:21:33.322+0000 INFO [o.n.k.i.DiagnosticsManager]   ArrayPropertyStore: used=1 high=0
2017-09-13 08:21:33.330+0000 INFO [o.n.k.i.DiagnosticsManager]   NodeStore: used=0 high=-1
2017-09-13 08:21:33.337+0000 INFO [o.n.k.i.DiagnosticsManager]   StringPropertyStore: used=1 high=0
2017-09-13 08:21:33.345+0000 INFO [o.n.k.i.DiagnosticsManager]   PropertyIndexStore: used=0 high=-1
2017-09-13 08:21:33.352+0000 INFO [o.n.k.i.DiagnosticsManager]   StringPropertyStore: used=1 high=0
2017-09-13 08:21:33.360+0000 INFO [o.n.k.i.DiagnosticsManager]   ArrayPropertyStore: used=1 high=0
2017-09-13 08:21:33.367+0000 INFO [o.n.k.i.DiagnosticsManager]   PropertyStore: used=0 high=-1
2017-09-13 08:21:33.375+0000 INFO [o.n.k.i.DiagnosticsManager]   RelationshipStore: used=0 high=-1
2017-09-13 08:21:33.383+0000 INFO [o.n.k.i.DiagnosticsManager]   StringPropertyStore: used=1 high=0
2017-09-13 08:21:33.390+0000 INFO [o.n.k.i.DiagnosticsManager]   RelationshipTypeStore: used=0 high=-1
2017-09-13 08:21:33.397+0000 INFO [o.n.k.i.DiagnosticsManager]   StringPropertyStore: used=1 high=0
2017-09-13 08:21:33.404+0000 INFO [o.n.k.i.DiagnosticsManager]   LabelTokenStore: used=0 high=-1
2017-09-13 08:21:33.412+0000 INFO [o.n.k.i.DiagnosticsManager]   SchemaStore: used=1 high=0
2017-09-13 08:21:33.420+0000 INFO [o.n.k.i.DiagnosticsManager]   RelationshipGroupStore: used=1 high=0
2017-09-13 08:21:33.428+0000 INFO [o.n.k.i.DiagnosticsManager]   NeoStore: used=15 high=14
2017-09-13 08:21:33.435+0000 INFO [o.n.k.i.DiagnosticsManager] --- STARTED diagnostics for NEO_STORE_ID_USAGE END ---
2017-09-13 08:21:33.442+0000 INFO [o.n.k.i.DiagnosticsManager] --- STARTED diagnostics for NEO_STORE_RECORDS START ---
2017-09-13 08:21:33.450+0000 INFO [o.n.k.i.DiagnosticsManager] Neostore records:
2017-09-13 08:21:33.457+0000 INFO [o.n.k.i.DiagnosticsManager] TIME (Creation time): 1505290892848
2017-09-13 08:21:33.466+0000 INFO [o.n.k.i.DiagnosticsManager] RANDOM_NUMBER (Random number for store id): -6100881396911680984
2017-09-13 08:21:33.474+0000 INFO [o.n.k.i.DiagnosticsManager] LOG_VERSION (Current log version): 0
2017-09-13 08:21:33.482+0000 INFO [o.n.k.i.DiagnosticsManager] LAST_TRANSACTION_ID (Last committed transaction): 1
2017-09-13 08:21:33.490+0000 INFO [o.n.k.i.DiagnosticsManager] STORE_VERSION (Store format version): 15813456178476550
2017-09-13 08:21:33.498+0000 INFO [o.n.k.i.DiagnosticsManager] FIRST_GRAPH_PROPERTY (First property record containing graph properties): -1
2017-09-13 08:21:33.504+0000 INFO [o.n.k.i.DiagnosticsManager] LAST_CONSTRAINT_TRANSACTION (Last committed transaction containing constraint changes): 0
2017-09-13 08:21:33.512+0000 INFO [o.n.k.i.DiagnosticsManager] UPGRADE_TRANSACTION_ID (Transaction id most recent upgrade was performed at): 1
2017-09-13 08:21:33.519+0000 INFO [o.n.k.i.DiagnosticsManager] UPGRADE_TIME (Time of last upgrade): 1505290892848
2017-09-13 08:21:33.526+0000 INFO [o.n.k.i.DiagnosticsManager] LAST_TRANSACTION_CHECKSUM (Checksum of last committed transaction): 0
2017-09-13 08:21:33.533+0000 INFO [o.n.k.i.DiagnosticsManager] UPGRADE_TRANSACTION_CHECKSUM (Checksum of transaction id the most recent upgrade was performed at): 0
2017-09-13 08:21:33.540+0000 INFO [o.n.k.i.DiagnosticsManager] LAST_CLOSED_TRANSACTION_LOG_VERSION (Log version where the last transaction commit entry has been written into): 0
2017-09-13 08:21:33.547+0000 INFO [o.n.k.i.DiagnosticsManager] LAST_CLOSED_TRANSACTION_LOG_BYTE_OFFSET (Byte offset in the log file where the last transaction commit entry has been written into): 16
2017-09-13 08:21:33.553+0000 INFO [o.n.k.i.DiagnosticsManager] LAST_TRANSACTION_COMMIT_TIMESTAMP (Commit time timestamp for last committed transaction): 0
2017-09-13 08:21:33.559+0000 INFO [o.n.k.i.DiagnosticsManager] UPGRADE_TRANSACTION_COMMIT_TIMESTAMP (Commit timestamp of transaction the most recent upgrade was performed at): 0
2017-09-13 08:21:33.572+0000 INFO [o.n.k.i.DiagnosticsManager] --- STARTED diagnostics for NEO_STORE_RECORDS END ---
2017-09-13 08:21:33.581+0000 INFO [o.n.k.i.DiagnosticsManager] --- STARTED diagnostics for TRANSACTION_RANGE START ---
2017-09-13 08:21:33.587+0000 INFO [o.n.k.i.DiagnosticsManager] Transaction log:
2017-09-13 08:21:33.593+0000 INFO [o.n.k.i.DiagnosticsManager] No transactions found in any log
2017-09-13 08:21:33.599+0000 INFO [o.n.k.i.DiagnosticsManager] --- STARTED diagnostics for TRANSACTION_RANGE END ---
2017-09-13 08:21:33.604+0000 INFO [o.n.k.i.DiagnosticsManager] --- STARTED diagnostics for KernelDiagnostics:StoreFiles START ---
2017-09-13 08:21:33.612+0000 INFO [o.n.k.i.DiagnosticsManager] Disk space on partition (Total / Free / Free %): 511089795072 / 433113636864 / 84
Storage files: (filename : modification date - size)
2017-09-13 08:21:33.619+0000 INFO [o.n.k.i.DiagnosticsManager]   certificates:
2017-09-13 08:21:33.624+0000 INFO [o.n.k.i.DiagnosticsManager]     neo4j.cert: 2017-09-13T10:21:32+0200 - 1002,00 B
2017-09-13 08:21:33.630+0000 INFO [o.n.k.i.DiagnosticsManager]     neo4j.key: 2017-09-13T10:21:32+0200 - 1,69 kB
2017-09-13 08:21:33.635+0000 INFO [o.n.k.i.DiagnosticsManager]   - Total: 2017-09-13T10:21:32+0200 - 2,67 kB
2017-09-13 08:21:33.640+0000 INFO [o.n.k.i.DiagnosticsManager]   data:
2017-09-13 08:21:33.646+0000 INFO [o.n.k.i.DiagnosticsManager]     dbms:
2017-09-13 08:21:33.651+0000 INFO [o.n.k.i.DiagnosticsManager]       auth: 2017-09-13T10:21:33+0200 - 137,00 B
2017-09-13 08:21:33.656+0000 INFO [o.n.k.i.DiagnosticsManager]     - Total: 2017-09-13T10:21:33+0200 - 137,00 B
2017-09-13 08:21:33.661+0000 INFO [o.n.k.i.DiagnosticsManager]   - Total: 2017-09-13T10:21:33+0200 - 137,00 B
2017-09-13 08:21:33.667+0000 INFO [o.n.k.i.DiagnosticsManager]   index:
2017-09-13 08:21:33.672+0000 INFO [o.n.k.i.DiagnosticsManager]   - Total: 2017-09-13T10:21:32+0200 - 0,00 B
2017-09-13 08:21:33.678+0000 INFO [o.n.k.i.DiagnosticsManager]   logs:
2017-09-13 08:21:33.684+0000 INFO [o.n.k.i.DiagnosticsManager]     debug.log: 2017-09-13T10:21:29+0200 - 30,76 kB
2017-09-13 08:21:33.689+0000 INFO [o.n.k.i.DiagnosticsManager]   - Total: 2017-09-13T10:21:29+0200 - 30,76 kB
2017-09-13 08:21:33.695+0000 INFO [o.n.k.i.DiagnosticsManager]   neostore: 2017-09-13T10:21:32+0200 - 8,00 kB
2017-09-13 08:21:33.700+0000 INFO [o.n.k.i.DiagnosticsManager]   neostore.counts.db.a: 2017-09-13T10:21:33+0200 - 96,00 B
2017-09-13 08:21:33.708+0000 INFO [o.n.k.i.DiagnosticsManager]   neostore.id: 2017-09-13T10:21:32+0200 - 9,00 B
2017-09-13 08:21:33.728+0000 INFO [o.n.k.i.DiagnosticsManager]   neostore.labelscanstore.db: 2017-09-13T10:21:33+0200 - 40,00 kB
2017-09-13 08:21:33.735+0000 INFO [o.n.k.i.DiagnosticsManager]   neostore.labeltokenstore.db: 2017-09-13T10:21:32+0200 - 0,00 B
2017-09-13 08:21:33.743+0000 INFO [o.n.k.i.DiagnosticsManager]   neostore.labeltokenstore.db.id: 2017-09-13T10:21:32+0200 - 9,00 B
2017-09-13 08:21:33.750+0000 INFO [o.n.k.i.DiagnosticsManager]   neostore.labeltokenstore.db.names: 2017-09-13T10:21:32+0200 - 8,00 kB
2017-09-13 08:21:33.759+0000 INFO [o.n.k.i.DiagnosticsManager]   neostore.labeltokenstore.db.names.id: 2017-09-13T10:21:32+0200 - 9,00 B
2017-09-13 08:21:33.765+0000 INFO [o.n.k.i.DiagnosticsManager]   neostore.nodestore.db: 2017-09-13T10:21:32+0200 - 0,00 B
2017-09-13 08:21:33.774+0000 INFO [o.n.k.i.DiagnosticsManager]   neostore.nodestore.db.id: 2017-09-13T10:21:32+0200 - 9,00 B
2017-09-13 08:21:33.780+0000 INFO [o.n.k.i.DiagnosticsManager]   neostore.nodestore.db.labels: 2017-09-13T10:21:32+0200 - 8,00 kB
2017-09-13 08:21:33.788+0000 INFO [o.n.k.i.DiagnosticsManager]   neostore.nodestore.db.labels.id: 2017-09-13T10:21:32+0200 - 9,00 B
2017-09-13 08:21:33.795+0000 INFO [o.n.k.i.DiagnosticsManager]   neostore.propertystore.db: 2017-09-13T10:21:32+0200 - 0,00 B
2017-09-13 08:21:33.803+0000 INFO [o.n.k.i.DiagnosticsManager]   neostore.propertystore.db.arrays: 2017-09-13T10:21:32+0200 - 8,00 kB
2017-09-13 08:21:33.810+0000 INFO [o.n.k.i.DiagnosticsManager]   neostore.propertystore.db.arrays.id: 2017-09-13T10:21:32+0200 - 9,00 B
2017-09-13 08:21:33.817+0000 INFO [o.n.k.i.DiagnosticsManager]   neostore.propertystore.db.id: 2017-09-13T10:21:32+0200 - 9,00 B
2017-09-13 08:21:33.822+0000 INFO [o.n.k.i.DiagnosticsManager]   neostore.propertystore.db.index: 2017-09-13T10:21:32+0200 - 0,00 B
2017-09-13 08:21:33.827+0000 INFO [o.n.k.i.DiagnosticsManager]   neostore.propertystore.db.index.id: 2017-09-13T10:21:32+0200 - 9,00 B
2017-09-13 08:21:33.832+0000 INFO [o.n.k.i.DiagnosticsManager]   neostore.propertystore.db.index.keys: 2017-09-13T10:21:32+0200 - 8,00 kB
2017-09-13 08:21:33.840+0000 INFO [o.n.k.i.DiagnosticsManager]   neostore.propertystore.db.index.keys.id: 2017-09-13T10:21:32+0200 - 9,00 B
2017-09-13 08:21:33.847+0000 INFO [o.n.k.i.DiagnosticsManager]   neostore.propertystore.db.strings: 2017-09-13T10:21:32+0200 - 8,00 kB
2017-09-13 08:21:33.854+0000 INFO [o.n.k.i.DiagnosticsManager]   neostore.propertystore.db.strings.id: 2017-09-13T10:21:32+0200 - 9,00 B
2017-09-13 08:21:33.859+0000 INFO [o.n.k.i.DiagnosticsManager]   neostore.relationshipgroupstore.db: 2017-09-13T10:21:32+0200 - 8,00 kB
2017-09-13 08:21:33.867+0000 INFO [o.n.k.i.DiagnosticsManager]   neostore.relationshipgroupstore.db.id: 2017-09-13T10:21:32+0200 - 9,00 B
2017-09-13 08:21:33.874+0000 INFO [o.n.k.i.DiagnosticsManager]   neostore.relationshipstore.db: 2017-09-13T10:21:32+0200 - 0,00 B
2017-09-13 08:21:33.881+0000 INFO [o.n.k.i.DiagnosticsManager]   neostore.relationshipstore.db.id: 2017-09-13T10:21:32+0200 - 9,00 B
2017-09-13 08:21:33.887+0000 INFO [o.n.k.i.DiagnosticsManager]   neostore.relationshiptypestore.db: 2017-09-13T10:21:32+0200 - 0,00 B
2017-09-13 08:21:33.896+0000 INFO [o.n.k.i.DiagnosticsManager]   neostore.relationshiptypestore.db.id: 2017-09-13T10:21:32+0200 - 9,00 B
2017-09-13 08:21:33.902+0000 INFO [o.n.k.i.DiagnosticsManager]   neostore.relationshiptypestore.db.names: 2017-09-13T10:21:32+0200 - 8,00 kB
2017-09-13 08:21:33.909+0000 INFO [o.n.k.i.DiagnosticsManager]   neostore.relationshiptypestore.db.names.id: 2017-09-13T10:21:32+0200 - 9,00 B
2017-09-13 08:21:33.916+0000 INFO [o.n.k.i.DiagnosticsManager]   neostore.schemastore.db: 2017-09-13T10:21:32+0200 - 8,00 kB
2017-09-13 08:21:33.922+0000 INFO [o.n.k.i.DiagnosticsManager]   neostore.schemastore.db.id: 2017-09-13T10:21:32+0200 - 9,00 B
2017-09-13 08:21:33.928+0000 INFO [o.n.k.i.DiagnosticsManager]   neostore.transaction.db.0: 2017-09-13T10:21:32+0200 - 16,00 B
2017-09-13 08:21:33.934+0000 INFO [o.n.k.i.DiagnosticsManager]   store_lock: 2017-09-13T10:21:32+0200 - 0,00 B
2017-09-13 08:21:33.939+0000 INFO [o.n.k.i.DiagnosticsManager] --- STARTED diagnostics for KernelDiagnostics:StoreFiles END ---
2017-09-13 08:21:33.970+0000 INFO [o.n.k.i.DiagnosticsManager] --- SERVER STARTED START ---
2017-09-13 08:21:35.125+0000 INFO [o.n.k.i.DiagnosticsManager] --- SERVER STARTED END ---
2017-09-13 08:22:11.691+0000 INFO [o.n.k.i.a.i.IndexPopulationJob] Index population started: [:Gott(name) [provider: {key=lucene, version=1.0}]]
2017-09-13 08:22:11.739+0000 INFO [o.n.k.i.a.i.IndexPopulationJob] Index population started: [:Kind(name) [provider: {key=lucene, version=1.0}]]
2017-09-13 08:22:11.793+0000 INFO [o.n.k.i.a.i.IndexPopulationJob] Completed node store scan. Flushing all pending updates.
BatchingMultipleIndexPopulator{activeTasks=0, executor=java.util.concurrent.ThreadPoolExecutor@2a52cffb[Running, pool size = 0, active threads = 0, queued tasks = 0, completed tasks = 0], batchedUpdates = [], queuedUpdates = 0}
2017-09-13 08:22:11.801+0000 INFO [o.n.k.i.a.i.IndexPopulationJob] Shutting down executor.
BatchingMultipleIndexPopulator{activeTasks=0, executor=java.util.concurrent.ThreadPoolExecutor@2a52cffb[Running, pool size = 0, active threads = 0, queued tasks = 0, completed tasks = 0], batchedUpdates = [], queuedUpdates = 0}
2017-09-13 08:22:11.833+0000 INFO [o.n.k.i.a.i.IndexPopulationJob] Index population completed. Index is now online: [:Gott(name) [provider: {key=lucene, version=1.0}]]
2017-09-13 08:22:11.872+0000 INFO [o.n.k.i.a.i.IndexPopulationJob] Index population completed. Index is now online: [:Kind(name) [provider: {key=lucene, version=1.0}]]
2017-09-13 08:47:23.170+0000 INFO [o.n.k.i.t.l.c.CheckPointerImpl] Check Pointing triggered by scheduler for time threshold [10]:  Starting check pointing...
2017-09-13 08:47:23.188+0000 INFO [o.n.k.i.t.l.c.CheckPointerImpl] Check Pointing triggered by scheduler for time threshold [10]:  Starting store flush...
2017-09-13 08:47:23.310+0000 INFO [o.n.k.i.s.c.CountsTracker] About to rotate counts store at transaction 10 to [C:\Users\Jonas Witzgall\eclipse-workspace\GreekGods\databases\Tutorial\neostore.counts.db.b], from [C:\Users\Jonas Witzgall\eclipse-workspace\GreekGods\databases\Tutorial\neostore.counts.db.a].
2017-09-13 08:47:23.323+0000 INFO [o.n.k.i.s.c.CountsTracker] Successfully rotated counts store at transaction 10 to [C:\Users\Jonas Witzgall\eclipse-workspace\GreekGods\databases\Tutorial\neostore.counts.db.b], from [C:\Users\Jonas Witzgall\eclipse-workspace\GreekGods\databases\Tutorial\neostore.counts.db.a].
2017-09-13 08:47:23.364+0000 INFO [o.n.k.i.t.l.c.CheckPointerImpl] Check Pointing triggered by scheduler for time threshold [10]:  Store flush completed
2017-09-13 08:47:23.369+0000 INFO [o.n.k.i.t.l.c.CheckPointerImpl] Check Pointing triggered by scheduler for time threshold [10]:  Starting appending check point entry into the tx log...
2017-09-13 08:47:23.376+0000 INFO [o.n.k.i.t.l.c.CheckPointerImpl] Check Pointing triggered by scheduler for time threshold [10]:  Appending check point entry into the tx log completed
2017-09-13 08:47:23.381+0000 INFO [o.n.k.i.t.l.c.CheckPointerImpl] Check Pointing triggered by scheduler for time threshold [10]:  Check pointing completed
2017-09-13 08:47:23.385+0000 INFO [o.n.k.i.t.l.p.LogPruningImpl] Log Rotation [0]:  Starting log pruning.
2017-09-13 08:47:23.391+0000 INFO [o.n.k.i.t.l.p.LogPruningImpl] Log Rotation [0]:  Log pruning complete.
2017-09-13 13:16:31.992+0000 ERROR [o.n.k.i.u.w.DefaultFileDeletionEventListener] 'Family' which belongs to the store was deleted while database was running.
